<?xml version="1.0" encoding="UTF-8"?>
<testng-results skipped="0" failed="0" total="2" passed="2">
  <reporter-output>
  </reporter-output>
  <suite name="Suite2" duration-ms="17442" started-at="2017-08-11T06:57:33Z" finished-at="2017-08-11T06:57:51Z">
    <groups>
    </groups>
    <test name="login" duration-ms="17442" started-at="2017-08-11T06:57:33Z" finished-at="2017-08-11T06:57:51Z">
      <class name="com.hrms.testscripts.TC_101">
        <test-method status="PASS" signature="meth1()[pri:0, instance:com.hrms.testscripts.TC_101@f31d024]" name="meth1" duration-ms="8540" started-at="2017-08-11T12:27:33Z" finished-at="2017-08-11T12:27:42Z">
          <reporter-output>
          </reporter-output>
        </test-method> <!-- meth1 -->
      </class> <!-- com.hrms.testscripts.TC_101 -->
      <class name="com.hrms.testscripts.TC_102">
        <test-method status="PASS" signature="Tc_01()[pri:0, instance:com.hrms.testscripts.TC_102@1541bbea]" name="Tc_01" duration-ms="8881" started-at="2017-08-11T12:27:42Z" finished-at="2017-08-11T12:27:51Z">
          <reporter-output>
          </reporter-output>
        </test-method> <!-- Tc_01 -->
      </class> <!-- com.hrms.testscripts.TC_102 -->
    </test> <!-- login -->
  </suite> <!-- Suite2 -->
</testng-results>
